<?xml version="1.0" encoding="UTF-8"?>
<!-- Generated by org.testng.reporters.JUnitReportReporter -->
<testsuite hostname="DESKTOP-OEE7BVT" failures="0" tests="3" name="com.CICDTester.CICD_For_Tester.TestClass1" time="15.335" errors="0" timestamp="2022-07-26T13:26:51 IST" skipped="0">
  <testcase classname="com.CICDTester.CICD_For_Tester.TestClass1" name="test1" time="4.595"/>
  <system-out/>
  <testcase classname="com.CICDTester.CICD_For_Tester.TestClass1" name="test2" time="4.492"/>
  <system-out/>
  <testcase classname="com.CICDTester.CICD_For_Tester.TestClass1" name="test3" time="6.248"/>
  <system-out/>
</testsuite> <!-- com.CICDTester.CICD_For_Tester.TestClass1 -->
